MPASM 5.77                          MAIN.ASM   4-26-2018  3:05:35         PAGE  1


LOC  OBJECT CODE     LINE SOURCE TEXT
  VALUE

                      00001 ;* * * * * * * * * * * * * * * * * * * * * * * * * * * * * * * * * * * * * * * * * * * * * * * * * *
                      00002 ;*        Projeto 1 V1.0 Microcomputadores - automação de caixa dagua                                   
                                                    *
                      00003 ;*                                                                                                      
                                                                                                                            
                      00004 ;*                                                                                                      
                                                                                                                            
                      00005 ;*      DESENVOLVIDO PELO GRUPO:                                                                        
                                                                                            *
                      00006 ;*   => Beatrice Azoubel Michalewicz                                                                    
                                                                                                            *
                      00007 ;*   => Marcos Vinicius Torres Teixeira                                                                 
                                                                                                                    *
                      00008 ;*                                                                                                      
                                                                                                                            
                      00009 ;*      VERSÃO: 1.0                             DATA: 26/04/2018                                        
                                                            *
                      00010 ;* * * * * * * * * * * * * * * * * * * * * * * * * * * * * * * * * * * * * * * * * * * * * * * * * * 
                      00011 ;*                      DESCRIÇÃO DO ARQUIVOS                                                           
                                                                            *
                      00012 ;* * * * * * * * * * * * * * * * * * * * * * * * * * * * * * * * * * * * * * * * * * * * * * * * * *
                      00013 ;*                                                                                                      
                                                                                                                            
                      00014 ;* COMENTÁRIOS E DESCRIÇÃO DO PROBLEMA PROPOSTO:                                                        
                                                                            *
                      00015 ;* MODELO DE PROGRAMA PARA OS ALUNOS DE MICROCOMPUTADORES                                               
                                                                    *
                      00016 ;*                                                                                                      
                                                                                                                            
                      00017 ;* * * * * * * * * * * * * * * * * * * * * * * * * * * * * * * * * * * * * * * * * * * * * * * * * * 
                      00018 
                      00019 
                      00020 ;* * * * * * * * * * * * * * * * * * * * * * * * * * * * * * * * * * * * * * * * * * * * * * * * * * 
                      00021 ;*                     ARQUIVOS DE DEFINIÇÕES                                                           
                                                                            *
                      00022 ;* * * * * * * * * * * * * * * * * * * * * * * * * * * * * * * * * * * * * * * * * * * * * * * * * * 
                      00023 
                      00024 #INCLUDE <P16F628A.INC>         ;ARQUIVO PADRÃO MICROCHIP PARA 16F628A
                      00001         LIST
                      00002 
                      00003 ;==========================================================================
                      00004 ; Build date : Nov 22 2017
                      00005 ;  MPASM PIC16F628A processor include
                      00006 ; 
                      00007 ;  (c) Copyright 1999-2017 Microchip Technology, All rights reserved
                      00008 ;==========================================================================
                      00009 
                      00386         LIST
2007   3F33           00025  __CONFIG _BOREN_OFF & _CP_OFF & _PWRTE_ON & _WDT_OFF & _LVP_OFF & _MCLRE_ON
                      00026 
                      00027 
                      00028 #DEFINE BANK0   BCF STATUS,RP0          ;SETA BANK 0 DE MEMÓRIA
                      00029 #DEFINE BANK1   BSF STATUS,RP0          ;SETA BANK 1 DE MEMÓRIA
MPASM 5.77                          MAIN.ASM   4-26-2018  3:05:35         PAGE  2


LOC  OBJECT CODE     LINE SOURCE TEXT
  VALUE

                      00030 
                      00031 #DEFINE THAB    INTCON, TOIE            ;HABILITA A INTERRUPÇÃO DO TIMER
                      00032 #DEFINE TFLAG   INTCON, T0IF            ;FLAG DE ESTOURO DO TIMER
                      00033 #DEFINE PFLAG   INTCON, INTF            ;FLAG  DE INTERRUPÇÃO EM RB0
                      00034 
                      00035 
  000000F6            00036 DELAY_1S        EQU             .246
                      00037 
                      00038          CBLOCK 0x0C
                      00039 
  0000000C            00040                 ESTADO  ;VARIAVEL DE ESTADO
                      00041 
                      00042         ENDC
                      00043 
                      00044  #DEFINE ESTADO_BOMBA           ESTADO,1
                      00045  #DEFINE ESTADO_VALVULA         ESTADO,2
                      00046 
                      00047 
                      00048  #DEFINE I_SENSOR_RUA                   PORTB,1         ;1= COM FLUXO
                      00049  #DEFINE I_SENSOR_CXDAGUA               PORTB,2         ;1= CHEIA
                      00050  #DEFINE I_SENSOR_CISTERNA              PORTB,3         ;1= CHEIA
                      00051 
                      00052  #DEFINE O_VALVULA                              PORTA,1
                      00053  #DEFINE O_BOMBA                                PORTA,2
                      00054 
                      00055         ORG 0x00
0000   2???           00056         GOTO    INICIO
                      00057 
                      00058 
0001                  00059 INICIO
0001   1683           00060         BANK1
0002   3000           00061         MOVLW   B'00000000'
Message[302]: Register in operand not in bank 0.  Ensure that bank bits are correct.
0003   0085           00062         MOVWF   TRISA
0004   30FF           00063         MOVLW   B'11111111'
Message[302]: Register in operand not in bank 0.  Ensure that bank bits are correct.
0005   0086           00064         MOVWF   TRISB
0006   3081           00065         MOVLW   B'10000001'
Message[302]: Register in operand not in bank 0.  Ensure that bank bits are correct.
0007   0081           00066         MOVWF   OPTION_REG
                      00067         
0008   30A0           00068         MOVLW   B'10100000'
0009   008B           00069         MOVWF   INTCON
                      00070 
000A   1283           00071         BANK0
                      00072 
000B   0185           00073         CLRF    PORTA
000C   0186           00074         CLRF    PORTB
000D   0181           00075         CLRF    TMR0
000E   018C           00076         CLRF    ESTADO
                      00077 
000F   2???           00078         GOTO    MAIN
                      00079 
MPASM 5.77                          MAIN.ASM   4-26-2018  3:05:35         PAGE  3


LOC  OBJECT CODE     LINE SOURCE TEXT
  VALUE

0010                  00080 DELAY                                           ;ROTINA DE 1 SEGUNDOS 
0010   0181           00081     CLRF    TMR0                        ;
0011   110B           00082         BCF     TFLAG                   ;LIMPA O FLAG DE ESTOURO DE CONTAGEM DO TIMER0
0012   30F6           00083         MOVLW   DELAY_1S                ;MOVE O VALOR DE DELAY DE 1 SEG PARA W
0013   0081           00084         MOVWF   TMR0                    ;MOVE O VALOR DE DELAY DE 1 SEG PARA TMR0
0014                  00085 DELAY1  
0014   1D0B           00086         BTFSS   TFLAG               ;A CONTAGEM DE 1 SEGUNDO TERMINOU?
0015   2???           00087         GOTO    DELAY1          ;NÃO, VOLTA PARA ESPERAR
0016   0008           00088         RETURN
                      00089 
                      00090 
0017                  00091 MAIN
0017   1D86           00092         BTFSS   I_SENSOR_CISTERNA       ;CISTERNA CHEIA?
0018   2???           00093         CALL    CHECA_VALVULA           ;NAO
0019   1986           00094         BTFSC   I_SENSOR_CISTERNA       ;
001A   2???           00095         CALL    DESATIVA_VALVULA        ;SIM
                      00096                                                                 ;NADA
                      00097 
001B   1D06           00098         BTFSS   I_SENSOR_CXDAGUA        ;CAIXA DAGUA CHEIA?
001C   2???           00099         CALL    ATIVA_BOMBA                     ;NAO
001D   1906           00100         BTFSC   I_SENSOR_CXDAGUA        ;
001E   2???           00101         CALL    DESATIVA_BOMBA  ;SIM
                      00102                                                                 ;NADA
001F   2???           00103         GOTO    MAIN
                      00104 
                      00105 
0020                  00106 CHECA_VALVULA
0020   3001           00107         MOVLW   .1
                      00108 
0021   1C86           00109         BTFSS   I_SENSOR_RUA
0022   0282           00110         SUBWF   PCL,F
0023   2???           00111         CALL    ATIVA_VALVULA
0024   0008           00112         RETURN
                      00113 
0025                  00114 ATIVA_BOMBA
0025   1C8C           00115         BTFSS   ESTADO_BOMBA
0026   2???           00116         CALL    PULSO_BOMBA
                      00117         ;
0027   0008           00118         RETURN
                      00119 
0028                  00120 DESATIVA_BOMBA
0028   188C           00121         BTFSC   ESTADO_BOMBA
0029   2???           00122         CALL    PULSO_BOMBA
                      00123         ;
002A   0008           00124         RETURN
                      00125 
002B                  00126 ATIVA_VALVULA
002B   1D0C           00127         BTFSS   ESTADO_VALVULA
002C   2???           00128         CALL    PULSO_VALVULA
                      00129         ;
002D   0008           00130         RETURN
                      00131 
002E                  00132 DESATIVA_VALVULA
MPASM 5.77                          MAIN.ASM   4-26-2018  3:05:35         PAGE  4


LOC  OBJECT CODE     LINE SOURCE TEXT
  VALUE

002E   1D0C           00133         BTFSS   ESTADO_VALVULA
002F   2???           00134         CALL    PULSO_VALVULA
                      00135         ;
0030   0008           00136         RETURN
                      00137 
0031                  00138 PULSO_BOMBA
0031   1505           00139         BSF             O_BOMBA
0032   2???           00140         CALL    DELAY
0033   1105           00141         BCF             O_BOMBA
0034   188C           00142         BTFSC           ESTADO_BOMBA
0035   108C           00143         BCF             ESTADO_BOMBA
0036   1C8C           00144         BTFSS           ESTADO_BOMBA
0037   148C           00145         BSF             ESTADO_BOMBA
                      00146         ;
0038   0008           00147         RETURN
                      00148 
                      00149 
0039                  00150 PULSO_VALVULA
0039   1485           00151         BSF             O_VALVULA
003A   2???           00152         CALL            DELAY
003B   1085           00153         BCF             O_VALVULA
003C   190C           00154         BTFSC           ESTADO_VALVULA
003D   110C           00155         BCF             ESTADO_VALVULA
003E   1D0C           00156         BTFSS           ESTADO_VALVULA
003F   150C           00157         BSF             ESTADO_VALVULA
                      00158         ;
0040   0008           00159         RETURN
                      00160 
                      00161 
                      00162 
                      00163 
3F33                  00164         END
MPASM 5.77                          MAIN.ASM   4-26-2018  3:05:35         PAGE  5


SYMBOL TABLE
  LABEL                             VALUE 

ADDEN                             00000003
ADEN                              00000003
ATIVA_BOMBA                       00000025
ATIVA_VALVULA                     0000002B
BANK0                             BCF STATUS,RP0
BANK1                             BSF STATUS,RP0
BRGH                              00000002
C                                 00000000
C1INV                             00000004
C1OUT                             00000006
C2INV                             00000005
C2OUT                             00000007
CCP1CON                           00000017
CCP1IE                            00000002
CCP1IF                            00000002
CCP1M0                            00000000
CCP1M1                            00000001
CCP1M2                            00000002
CCP1M3                            00000003
CCP1X                             00000005
CCP1Y                             00000004
CCPR1                             00000015
CCPR1H                            00000016
CCPR1L                            00000015
CHECA_VALVULA                     00000020
CIS                               00000003
CM0                               00000000
CM1                               00000001
CM2                               00000002
CMCON                             0000001F
CMIE                              00000006
CMIF                              00000006
CREN                              00000004
CSRC                              00000007
DATA_CP_OFF                       00003FFF
DATA_CP_ON                        00003EFF
DC                                00000001
DELAY                             00000010
DELAY1                            00000014
DELAY_1S                          000000F6
DESATIVA_BOMBA                    00000028
DESATIVA_VALVULA                  0000002E
EEADR                             0000009B
EECON1                            0000009C
EECON2                            0000009D
EEDATA                            0000009A
EEIE                              00000007
EEIF                              00000007
ESTADO                            0000000C
ESTADO_BOMBA                      ESTADO,1
ESTADO_VALVULA                    ESTADO,2
F                                 00000001
FERR                              00000002
MPASM 5.77                          MAIN.ASM   4-26-2018  3:05:35         PAGE  6


SYMBOL TABLE
  LABEL                             VALUE 

FSR                               00000004
GIE                               00000007
INDF                              00000000
INICIO                            00000001
INTCON                            0000000B
INTE                              00000004
INTEDG                            00000006
INTF                              00000001
IRP                               00000007
I_SENSOR_CISTERNA                 PORTB,3
I_SENSOR_CXDAGUA                  PORTB,2
I_SENSOR_RUA                      PORTB,1
MAIN                              00000017
NOT_BO                            00000000
NOT_BOD                           00000000
NOT_BOR                           00000000
NOT_PD                            00000003
NOT_POR                           00000001
NOT_RBPU                          00000007
NOT_T1SYNC                        00000002
NOT_TO                            00000004
OERR                              00000001
OPTION_REG                        00000081
OSCF                              00000003
O_BOMBA                           PORTA,2
O_VALVULA                         PORTA,1
PCL                               00000002
PCLATH                            0000000A
PCON                              0000008E
PEIE                              00000006
PFLAG                             INTCON, INTF
PIE1                              0000008C
PIR1                              0000000C
PORTA                             00000005
PORTB                             00000006
PR2                               00000092
PS0                               00000000
PS1                               00000001
PS2                               00000002
PSA                               00000003
PULSO_BOMBA                       00000031
PULSO_VALVULA                     00000039
RA0                               00000000
RA1                               00000001
RA2                               00000002
RA3                               00000003
RA4                               00000004
RA5                               00000005
RA6                               00000006
RA7                               00000007
RB0                               00000000
RB1                               00000001
RB2                               00000002
MPASM 5.77                          MAIN.ASM   4-26-2018  3:05:35         PAGE  7


SYMBOL TABLE
  LABEL                             VALUE 

RB3                               00000003
RB4                               00000004
RB5                               00000005
RB6                               00000006
RB7                               00000007
RBIE                              00000003
RBIF                              00000000
RCIE                              00000005
RCIF                              00000005
RCREG                             0000001A
RCSTA                             00000018
RD                                00000000
RP0                               00000005
RP1                               00000006
RX9                               00000006
RX9D                              00000000
SPBRG                             00000099
SPEN                              00000007
SREN                              00000005
STATUS                            00000003
SYNC                              00000004
T0CS                              00000005
T0IE                              00000005
T0IF                              00000002
T0SE                              00000004
T1CKPS0                           00000004
T1CKPS1                           00000005
T1CON                             00000010
T1OSCEN                           00000003
T2CKPS0                           00000000
T2CKPS1                           00000001
T2CON                             00000012
TFLAG                             INTCON, T0IF
THAB                              INTCON, TOIE
TMR0                              00000001
TMR0IE                            00000005
TMR0IF                            00000002
TMR1                              0000000E
TMR1CS                            00000001
TMR1H                             0000000F
TMR1IE                            00000000
TMR1IF                            00000000
TMR1L                             0000000E
TMR1ON                            00000000
TMR2                              00000011
TMR2IE                            00000001
TMR2IF                            00000001
TMR2ON                            00000002
TOUTPS0                           00000003
TOUTPS1                           00000004
TOUTPS2                           00000005
TOUTPS3                           00000006
TRISA                             00000085
MPASM 5.77                          MAIN.ASM   4-26-2018  3:05:35         PAGE  8


SYMBOL TABLE
  LABEL                             VALUE 

TRISA0                            00000000
TRISA1                            00000001
TRISA2                            00000002
TRISA3                            00000003
TRISA4                            00000004
TRISA5                            00000005
TRISA6                            00000006
TRISA7                            00000007
TRISB                             00000086
TRISB0                            00000000
TRISB1                            00000001
TRISB2                            00000002
TRISB3                            00000003
TRISB4                            00000004
TRISB5                            00000005
TRISB6                            00000006
TRISB7                            00000007
TRMT                              00000001
TX9                               00000006
TX9D                              00000000
TXEN                              00000005
TXIE                              00000004
TXIF                              00000004
TXREG                             00000019
TXSTA                             00000098
VR0                               00000000
VR1                               00000001
VR2                               00000002
VR3                               00000003
VRCON                             0000009F
VREN                              00000007
VROE                              00000006
VRR                               00000005
W                                 00000000
WR                                00000001
WREN                              00000002
WRERR                             00000003
Z                                 00000002
_BODEN_OFF                        00003FBF
_BODEN_ON                         00003FFF
_BOREN_OFF                        00003FBF
_BOREN_ON                         00003FFF
_CONFIG                           00002007
_CPD_OFF                          00003FFF
_CPD_ON                           00003EFF
_CP_OFF                           00003FFF
_CP_ON                            00001FFF
_DEVID1                           00002006
_ER_OSC_CLKOUT                    00003FFF
_ER_OSC_NOCLKOUT                  00003FFE
_EXTCLK_OSC                       00003FEF
_FOSC_ECIO                        00003FEF
_FOSC_EXTRCCLK                    00003FFF
MPASM 5.77                          MAIN.ASM   4-26-2018  3:05:35         PAGE  9


SYMBOL TABLE
  LABEL                             VALUE 

_FOSC_EXTRCIO                     00003FFE
_FOSC_HS                          00003FEE
_FOSC_INTOSCCLK                   00003FFD
_FOSC_INTOSCIO                    00003FFC
_FOSC_LP                          00003FEC
_FOSC_XT                          00003FED
_HS_OSC                           00003FEE
_IDLOC0                           00002000
_IDLOC1                           00002001
_IDLOC2                           00002002
_IDLOC3                           00002003
_INTOSC_OSC_CLKOUT                00003FFD
_INTOSC_OSC_NOCLKOUT              00003FFC
_INTRC_OSC_CLKOUT                 00003FFD
_INTRC_OSC_NOCLKOUT               00003FFC
_LP_OSC                           00003FEC
_LVP_OFF                          00003F7F
_LVP_ON                           00003FFF
_MCLRE_OFF                        00003FDF
_MCLRE_ON                         00003FFF
_PWRTE_OFF                        00003FFF
_PWRTE_ON                         00003FF7
_RC_OSC_CLKOUT                    00003FFF
_RC_OSC_NOCLKOUT                  00003FFE
_WDTE_OFF                         00003FFB
_WDTE_ON                          00003FFF
_WDT_OFF                          00003FFB
_WDT_ON                           00003FFF
_XT_OSC                           00003FED
__16F628A                         00000001

Errors   :     0
Warnings :     0 reported,     0 suppressed
Messages :     3 reported,     0 suppressed

